#
# A fatal error has been detected by the Java Runtime Environment:
#
#  SIGSEGV (0xb) at pc=0x000000012cc3c45f, pid=1621, tid=0x000000000000e607
#
# JRE version: Java(TM) SE Runtime Environment (8.0_141-b15) (build 1.8.0_141-b15)
# Java VM: Java HotSpot(TM) 64-Bit Server VM (25.141-b15 mixed mode bsd-amd64 compressed oops)
# Problematic frame:
# C  [libawt_lwawt.dylib+0x1c45f]  OGLSD_SetScratchSurface+0x49
#
# Failed to write core dump. Core dumps have been disabled. To enable core dumping, try "ulimit -c unlimited" before starting Java again
#
# If you would like to submit a bug report, please visit:
#   http://bugreport.java.com/bugreport/crash.jsp
# The crash happened outside the Java Virtual Machine in native code.
# See problematic frame for where to report the bug.
#

---------------  T H R E A D  ---------------

Current thread (0x00007fdda29d6000):  JavaThread "Java2D Queue Flusher" daemon [_thread_in_native, id=58887, stack(0x000070000aa8a000,0x000070000ab8a000)]

siginfo: si_signo: 11 (SIGSEGV), si_code: 1 (SEGV_MAPERR), si_addr: 0x0000000000000002

Registers:
RAX=0x000000012cc5cd0e, RBX=0x0000000000000002, RCX=0x0000000000000047, RDX=0x000000012cc5d258
RSP=0x000070000ab89710, RBP=0x000070000ab89730, RSI=0x00007fdda1681580, RDI=0x00007fdda29d61f8
R8 =0x000000000000010e, R9 =0x00000000000284b0, R10=0x000000011a227db8, R11=0xffffffff00000000
R12=0x0000000000000000, R13=0x000000011a2c1f8c, R14=0x00007fdda29d61f8, R15=0x00007fdda29d6000
RIP=0x000000012cc3c45f, EFLAGS=0x0000000000010202, ERR=0x0000000000000004
  TRAPNO=0x000000000000000e

Top of Stack: (sp=0x000070000ab89710)
0x000070000ab89710:   00007fdda1681580 0000000000000000
0x000070000ab89720:   00007fdda29e6010 00007fdda29d6000
0x000070000ab89730:   000070000ab897b0 000000012cc5cd36
0x000070000ab89740:   000000000ab89878 00000001351bbb50
0x000070000ab89750:   0000000000000000 000000011a2c1f8c
0x000070000ab89760:   000070000ab89780 0000000000000064
0x000070000ab89770:   00007fdda30d3608 00007fdda29e6020
0x000070000ab89780:   00007fdd009d6000 00007fdda29d61f8
0x000070000ab89790:   00000001351bbb50 0000000000000000
0x000070000ab897a0:   000070000ab89878 00007fdda29d6000
0x000070000ab897b0:   000070000ab89800 000000011a227e2a
0x000070000ab897c0:   000000076eb18398 000000010f3501e8
0x000070000ab897d0:   0000000000000005 00007fdda29d6000
0x000070000ab897e0:   000000076eb20001 00007fdda1480650
0x000070000ab897f0:   000070000ab89800 00007fdda29d6000
0x000070000ab89800:   000070000ab899d0 000000011a1e2c3c
0x000070000ab89810:   000070000ab89878 00007fdda29d6000
0x000070000ab89820:   000070000ab89870 000000011a1ac6a8
0x000070000ab89830:   000000076eb20000 000000076ae849e8
0x000070000ab89840:   000070000ab89870 000070000ab89870
0x000070000ab89850:   0000000135170a68 0000000000000000
0x000070000ab89860:   000000076eb18398 00000001293248e8
0x000070000ab89870:   000070000ab899d0 000000011a2c1e84
0x000070000ab89880:   0000000000000041 00000001293248e8
0x000070000ab89890:   0000000000000000 0000000000000000
0x000070000ab898a0:   0000000000000000 0000700000000000
0x000070000ab898b0:   00000000000000dc 0000000000000000
0x000070000ab898c0:   000070000ab89968 00007fdda29d6000
0x000070000ab898d0:   000070000ab89940 0000000119ef4b8c
0x000070000ab898e0:   0000000100000001 000000076ae9a538
0x000070000ab898f0:   000000076eb20000 0000000700000000
0x000070000ab89900:   000070000ab898f0 000000011a2c1110 

Instructions: (pc=0x000000012cc3c45f)
0x000000012cc3c43f:   c0 e9 82 00 00 00 48 8b 5e 10 48 85 db 75 0e bf
0x000000012cc3c44f:   01 00 00 00 48 8d 15 67 7b 03 00 eb d6 49 89 fe
0x000000012cc3c45f:   4c 8b 3b 30 c0 e8 21 a6 02 00 49 8b 3f 49 89 c4
0x000000012cc3c46f:   48 8b 35 aa 02 06 00 30 c0 e8 4b a7 02 00 48 85 

Register to memory mapping:

RAX=0x000000012cc5cd0e: Java_sun_java2d_opengl_OGLRenderQueue_flushBuffer+0x612 in /Library/Java/JavaVirtualMachines/jdk1.8.0_141.jdk/Contents/Home/jre/lib/libawt_lwawt.dylib at 0x000000012cc20000
RBX=0x0000000000000002 is an unknown value
RCX=0x0000000000000047 is an unknown value
RDX=0x000000012cc5d258: Java_sun_java2d_opengl_OGLRenderQueue_flushBuffer+0xb5c in /Library/Java/JavaVirtualMachines/jdk1.8.0_141.jdk/Contents/Home/jre/lib/libawt_lwawt.dylib at 0x000000012cc20000
RSP=0x000070000ab89710 is pointing into the stack for thread: 0x00007fdda29d6000
RBP=0x000070000ab89730 is pointing into the stack for thread: 0x00007fdda29d6000
RSI=0x00007fdda1681580 is an unknown value
RDI=0x00007fdda29d61f8 is an unknown value
R8 =0x000000000000010e is an unknown value
R9 =0x00000000000284b0 is an unknown value
R10=0x000000011a227db8 is at entry_point+56 in (nmethod*)0x000000011a227c10
R11=0xffffffff00000000 is an unknown value
R12=0x0000000000000000 is an unknown value
R13=0x000000011a2c1f8c is at entry_point+2764 in (nmethod*)0x000000011a2c1110
R14=0x00007fdda29d61f8 is an unknown value
R15=0x00007fdda29d6000 is a thread


Stack: [0x000070000aa8a000,0x000070000ab8a000],  sp=0x000070000ab89710,  free space=1021k
Native frames: (J=compiled Java code, j=interpreted, Vv=VM code, C=native code)
C  [libawt_lwawt.dylib+0x1c45f]  OGLSD_SetScratchSurface+0x49
C  [libawt_lwawt.dylib+0x3cd36]  Java_sun_java2d_opengl_OGLRenderQueue_flushBuffer+0x63a
J 1013  sun.java2d.opengl.OGLRenderQueue.flushBuffer(JI)V (0 bytes) @ 0x000000011a227e2a [0x000000011a227d80+0xaa]
J 912 C1 sun.java2d.opengl.OGLRenderQueue.flushBuffer()V (41 bytes) @ 0x000000011a1e2c3c [0x000000011a1e29e0+0x25c]
J 1139% C1 sun.java2d.opengl.OGLRenderQueue$QueueFlusher.run()V (234 bytes) @ 0x000000011a2c1e84 [0x000000011a2c14c0+0x9c4]
v  ~StubRoutines::call_stub
V  [libjvm.dylib+0x2ee70a]  JavaCalls::call_helper(JavaValue*, methodHandle*, JavaCallArguments*, Thread*)+0x6ae
V  [libjvm.dylib+0x2eeeae]  JavaCalls::call_virtual(JavaValue*, KlassHandle, Symbol*, Symbol*, JavaCallArguments*, Thread*)+0x164
V  [libjvm.dylib+0x2ef05a]  JavaCalls::call_virtual(JavaValue*, Handle, KlassHandle, Symbol*, Symbol*, Thread*)+0x4a
V  [libjvm.dylib+0x3497b1]  thread_entry(JavaThread*, Thread*)+0x7c
V  [libjvm.dylib+0x56c0b3]  JavaThread::thread_main_inner()+0x9b
V  [libjvm.dylib+0x56d7a0]  JavaThread::run()+0x1c2
V  [libjvm.dylib+0x48baee]  java_start(Thread*)+0xf6
C  [libsystem_pthread.dylib+0x393b]  _pthread_body+0xb4
C  [libsystem_pthread.dylib+0x3887]  _pthread_body+0x0
C  [libsystem_pthread.dylib+0x308d]  thread_start+0xd
C  0x0000000000000000

Java frames: (J=compiled Java code, j=interpreted, Vv=VM code)
J 1013  sun.java2d.opengl.OGLRenderQueue.flushBuffer(JI)V (0 bytes) @ 0x000000011a227db8 [0x000000011a227d80+0x38]
J 912 C1 sun.java2d.opengl.OGLRenderQueue.flushBuffer()V (41 bytes) @ 0x000000011a1e2c3c [0x000000011a1e29e0+0x25c]
J 1139% C1 sun.java2d.opengl.OGLRenderQueue$QueueFlusher.run()V (234 bytes) @ 0x000000011a2c1e84 [0x000000011a2c14c0+0x9c4]
v  ~StubRoutines::call_stub

---------------  P R O C E S S  ---------------

Java Threads: ( => current thread )
  0x00007fdda3108000 JavaThread "DestroyJavaVM" [_thread_blocked, id=6915, stack(0x000070000933c000,0x000070000943c000)]
  0x00007fdda3a13000 JavaThread "AWT-EventQueue-0" [_thread_blocked, id=65027, stack(0x000070000ae99000,0x000070000af99000)]
  0x00007fdda2217800 JavaThread "TimerQueue" daemon [_thread_blocked, id=61711, stack(0x000070000ac90000,0x000070000ad90000)]
  0x00007fdda29fe000 JavaThread "Java2D Disposer" daemon [_thread_blocked, id=60943, stack(0x000070000ab8d000,0x000070000ac8d000)]
=>0x00007fdda29d6000 JavaThread "Java2D Queue Flusher" daemon [_thread_in_native, id=58887, stack(0x000070000aa8a000,0x000070000ab8a000)]
  0x00007fdda309f000 JavaThread "AWT-Shutdown" [_thread_blocked, id=32799, stack(0x000070000a77b000,0x000070000a87b000)]
  0x00007fdda3092800 JavaThread "AppKit Thread" daemon [_thread_in_native, id=775, stack(0x00007fff51496000,0x00007fff51c96000)]
  0x00007fdda2023800 JavaThread "Service Thread" daemon [_thread_blocked, id=21251, stack(0x000070000a4f2000,0x000070000a5f2000)]
  0x00007fdda1802800 JavaThread "C1 CompilerThread3" daemon [_thread_blocked, id=20739, stack(0x000070000a3ef000,0x000070000a4ef000)]
  0x00007fdda1801000 JavaThread "C2 CompilerThread2" daemon [_thread_blocked, id=20227, stack(0x000070000a2ec000,0x000070000a3ec000)]
  0x00007fdda2024800 JavaThread "C2 CompilerThread1" daemon [_thread_blocked, id=19715, stack(0x000070000a1e9000,0x000070000a2e9000)]
  0x00007fdda2000000 JavaThread "C2 CompilerThread0" daemon [_thread_blocked, id=19203, stack(0x000070000a0e6000,0x000070000a1e6000)]
  0x00007fdda2023000 JavaThread "Signal Dispatcher" daemon [_thread_blocked, id=18691, stack(0x0000700009fe3000,0x000070000a0e3000)]
  0x00007fdda5800000 JavaThread "Finalizer" daemon [_thread_blocked, id=14339, stack(0x0000700009e5d000,0x0000700009f5d000)]
  0x00007fdda280d800 JavaThread "Reference Handler" daemon [_thread_blocked, id=13827, stack(0x0000700009d5a000,0x0000700009e5a000)]

Other Threads:
  0x00007fdda2019800 VMThread [stack: 0x0000700009c57000,0x0000700009d57000] [id=13315]
  0x00007fdda5009000 WatcherThread [stack: 0x000070000a5f5000,0x000070000a6f5000] [id=21763]

VM state:not at safepoint (normal execution)

VM Mutex/Monitor currently owned by a thread: None

Heap:
 PSYoungGen      total 76288K, used 6606K [0x000000076ab00000, 0x0000000770000000, 0x00000007c0000000)
  eden space 65536K, 6% used [0x000000076ab00000,0x000000076af57920,0x000000076eb00000)
  from space 10752K, 20% used [0x000000076eb00000,0x000000076ed1c010,0x000000076f580000)
  to   space 10752K, 0% used [0x000000076f580000,0x000000076f580000,0x0000000770000000)
 ParOldGen       total 175104K, used 24K [0x00000006c0000000, 0x00000006cab00000, 0x000000076ab00000)
  object space 175104K, 0% used [0x00000006c0000000,0x00000006c0006000,0x00000006cab00000)
 Metaspace       used 10542K, capacity 10788K, committed 10880K, reserved 1058816K
  class space    used 1268K, capacity 1362K, committed 1408K, reserved 1048576K

Card table byte_map: [0x00000001103a5000,0x0000000110ba6000] byte_map_base: 0x000000010cda5000

Marking Bits: (ParMarkBitMap*) 0x000000010f8f35d0
 Begin Bits: [0x00000001110fc000, 0x00000001150fc000)
 End Bits:   [0x00000001150fc000, 0x00000001190fc000)

Polling page: 0x000000010dff5000

CodeCache: size=245760Kb used=4073Kb max_used=4085Kb free=241686Kb
 bounds [0x0000000119ed4000, 0x000000011a2e4000, 0x0000000128ed4000]
 total_blobs=1654 nmethods=1150 adapters=418
 compilation: enabled

Compilation events (10 events):
Event: 7207.799 Thread 0x00007fdda1802800 1145       1       java.lang.Integer::intValue (5 bytes)
Event: 7207.800 Thread 0x00007fdda1802800 nmethod 1145 0x000000011a2ad690 code [0x000000011a2ad7e0, 0x000000011a2ad8f0]
Event: 7207.826 Thread 0x00007fdda1802800 1146       3       java.util.concurrent.locks.ReentrantReadWriteLock$Sync::tryReleaseShared (147 bytes)
Event: 7207.830 Thread 0x00007fdda1802800 nmethod 1146 0x000000011a2ac410 code [0x000000011a2ac620, 0x000000011a2ad208]
Event: 7613.323 Thread 0x00007fdda2000000 1147   !   4       sun.awt.AWTAutoShutdown::setToolkitBusy (124 bytes)
Event: 7613.328 Thread 0x00007fdda2000000 nmethod 1147 0x000000011a2d0950 code [0x000000011a2d0ac0, 0x000000011a2d10f8]
Event: 9352.934 Thread 0x00007fdda1801000 1148       4       java.util.HashMap::removeNode (291 bytes)
Event: 9352.956 Thread 0x00007fdda1802800 1149       3       java.util.HashMap::resize (359 bytes)
Event: 9352.959 Thread 0x00007fdda1802800 nmethod 1149 0x000000011a2b9ed0 code [0x000000011a2ba120, 0x000000011a2bb368]
Event: 9352.964 Thread 0x00007fdda1801000 nmethod 1148 0x000000011a2d3310 code [0x000000011a2d34c0, 0x000000011a2d3c08]

GC Heap History (2 events):
Event: 10123.296 GC heap before
{Heap before GC invocations=1 (full 0):
 PSYoungGen      total 76288K, used 65536K [0x000000076ab00000, 0x0000000770000000, 0x00000007c0000000)
  eden space 65536K, 100% used [0x000000076ab00000,0x000000076eb00000,0x000000076eb00000)
  from space 10752K, 0% used [0x000000076f580000,0x000000076f580000,0x0000000770000000)
  to   space 10752K, 0% used [0x000000076eb00000,0x000000076eb00000,0x000000076f580000)
 ParOldGen       total 175104K, used 0K [0x00000006c0000000, 0x00000006cab00000, 0x000000076ab00000)
  object space 175104K, 0% used [0x00000006c0000000,0x00000006c0000000,0x00000006cab00000)
 Metaspace       used 10542K, capacity 10788K, committed 10880K, reserved 1058816K
  class space    used 1268K, capacity 1362K, committed 1408K, reserved 1048576K
Event: 10123.314 GC heap after
Heap after GC invocations=1 (full 0):
 PSYoungGen      total 76288K, used 2160K [0x000000076ab00000, 0x0000000770000000, 0x00000007c0000000)
  eden space 65536K, 0% used [0x000000076ab00000,0x000000076ab00000,0x000000076eb00000)
  from space 10752K, 20% used [0x000000076eb00000,0x000000076ed1c010,0x000000076f580000)
  to   space 10752K, 0% used [0x000000076f580000,0x000000076f580000,0x0000000770000000)
 ParOldGen       total 175104K, used 24K [0x00000006c0000000, 0x00000006cab00000, 0x000000076ab00000)
  object space 175104K, 0% used [0x00000006c0000000,0x00000006c0006000,0x00000006cab00000)
 Metaspace       used 10542K, capacity 10788K, committed 10880K, reserved 1058816K
  class space    used 1268K, capacity 1362K, committed 1408K, reserved 1048576K
}

Deoptimization events (3 events):
Event: 1899.641 Thread 0x00007fdda3092800 Uncommon trap: reason=class_check action=maybe_recompile pc=0x000000011a234910 method=sun.java2d.pipe.BufferedContext.validate(Lsun/java2d/pipe/hw/AccelSurface;Lsun/java2d/pipe/hw/AccelSurface;Lsun/java2d/pipe/Region;Ljava/awt/Composite;Ljava/awt/geom/Aff
Event: 1899.641 Thread 0x00007fdda3092800 Uncommon trap: reason=null_check action=make_not_entrant pc=0x000000011a22ae54 method=java.awt.geom.AffineTransform.equals(Ljava/lang/Object;)Z @ 1
Event: 1899.641 Thread 0x00007fdda3092800 Uncommon trap: reason=unstable_if action=reinterpret pc=0x000000011a234bec method=sun.java2d.pipe.BufferedContext.validate(Lsun/java2d/pipe/hw/AccelSurface;Lsun/java2d/pipe/hw/AccelSurface;Lsun/java2d/pipe/Region;Ljava/awt/Composite;Ljava/awt/geom/AffineT

Internal exceptions (10 events):
Event: 0.098 Thread 0x00007fdda3802800 Exception <a 'java/security/PrivilegedActionException'> (0x000000076abddcc0) thrown at [/Users/java_re/workspace/8-2-build-macosx-x86_64/jdk8u141/9370/hotspot/src/share/vm/prims/jvm.cpp, line 1390]
Event: 0.098 Thread 0x00007fdda3802800 Exception <a 'java/security/PrivilegedActionException'> (0x000000076abe0ff0) thrown at [/Users/java_re/workspace/8-2-build-macosx-x86_64/jdk8u141/9370/hotspot/src/share/vm/prims/jvm.cpp, line 1390]
Event: 0.098 Thread 0x00007fdda3802800 Exception <a 'java/security/PrivilegedActionException'> (0x000000076abe1200) thrown at [/Users/java_re/workspace/8-2-build-macosx-x86_64/jdk8u141/9370/hotspot/src/share/vm/prims/jvm.cpp, line 1390]
Event: 0.131 Thread 0x00007fdda3802800 Exception <a 'java/lang/NoSuchFieldError': method resolution failed> (0x000000076adf6f18) thrown at [/Users/java_re/workspace/8-2-build-macosx-x86_64/jdk8u141/9370/hotspot/src/share/vm/prims/methodHandles.cpp, line 1146]
Event: 0.132 Thread 0x00007fdda3802800 Exception <a 'java/lang/NoSuchFieldError': method resolution failed> (0x000000076ae046e8) thrown at [/Users/java_re/workspace/8-2-build-macosx-x86_64/jdk8u141/9370/hotspot/src/share/vm/prims/methodHandles.cpp, line 1146]
Event: 0.294 Thread 0x00007fdda3802800 Exception <a 'java/io/FileNotFoundException'> (0x000000076ae7ee80) thrown at [/Users/java_re/workspace/8-2-build-macosx-x86_64/jdk8u141/9370/hotspot/src/share/vm/prims/jni.cpp, line 709]
Event: 0.294 Thread 0x00007fdda3802800 Exception <a 'java/io/FileNotFoundException'> (0x000000076ae7f9e8) thrown at [/Users/java_re/workspace/8-2-build-macosx-x86_64/jdk8u141/9370/hotspot/src/share/vm/prims/jni.cpp, line 709]
Event: 1899.641 Thread 0x00007fdda3092800 Implicit null exception at 0x000000011a22ac2c to 0x000000011a22ae45
Event: 1899.641 Thread 0x00007fdda3092800 Implicit null exception at 0x000000011a233b9e to 0x000000011a234bad
Event: 10123.315 Thread 0x00007fdda5800000 Exception <a 'java/lang/NullPointerException'> (0x000000076ae0fea0) thrown at [/Users/java_re/workspace/8-2-build-macosx-x86_64/jdk8u141/9370/hotspot/src/share/vm/interpreter/linkResolver.cpp, line 1197]

Events (10 events):
Event: 1899.660 loading class sun/awt/image/BufImgSurfaceData$ICMColorData
Event: 1899.660 loading class sun/awt/image/BufImgSurfaceData$ICMColorData done
Event: 1899.661 loading class java/util/IdentityHashMap$Values
Event: 1899.662 loading class java/util/IdentityHashMap$Values done
Event: 1899.662 loading class java/util/IdentityHashMap$ValueIterator
Event: 1899.662 loading class java/util/IdentityHashMap$ValueIterator done
Event: 1899.662 loading class javax/swing/RepaintManager$DisplayChangedRunnable
Event: 1899.662 loading class javax/swing/RepaintManager$DisplayChangedRunnable done
Event: 10123.295 Executing VM operation: ParallelGCFailedAllocation
Event: 10123.314 Executing VM operation: ParallelGCFailedAllocation done


Dynamic libraries:
0x000000001b600000 	/System/Library/Frameworks/Cocoa.framework/Versions/A/Cocoa
0x000000001b600000 	/System/Library/Frameworks/Security.framework/Versions/A/Security
0x000000001b600000 	/System/Library/Frameworks/ApplicationServices.framework/Versions/A/ApplicationServices
0x000000001b600000 	/usr/lib/libz.1.dylib
0x000000001b600000 	/usr/lib/libSystem.B.dylib
0x000000001b600000 	/usr/lib/libobjc.A.dylib
0x000000001b600000 	/System/Library/Frameworks/CoreFoundation.framework/Versions/A/CoreFoundation
0x000000001b600000 	/System/Library/Frameworks/Foundation.framework/Versions/C/Foundation
0x000000001b600000 	/System/Library/Frameworks/AppKit.framework/Versions/C/AppKit
0x000000001b600000 	/System/Library/Frameworks/CoreData.framework/Versions/A/CoreData
0x000000001b600000 	/System/Library/PrivateFrameworks/RemoteViewServices.framework/Versions/A/RemoteViewServices
0x000000001b600000 	/System/Library/PrivateFrameworks/UIFoundation.framework/Versions/A/UIFoundation
0x000000001b600000 	/System/Library/PrivateFrameworks/DFRFoundation.framework/Versions/A/DFRFoundation
0x000000001b600000 	/usr/lib/libenergytrace.dylib
0x000000001b600000 	/System/Library/PrivateFrameworks/SkyLight.framework/Versions/A/SkyLight
0x000000001b600000 	/System/Library/Frameworks/CoreGraphics.framework/Versions/A/CoreGraphics
0x000000001b600000 	/usr/lib/libScreenReader.dylib
0x000000001b600000 	/System/Library/Frameworks/Accelerate.framework/Versions/A/Accelerate
0x000000001b600000 	/System/Library/Frameworks/IOSurface.framework/Versions/A/IOSurface
0x000000001b600000 	/System/Library/Frameworks/AudioToolbox.framework/Versions/A/AudioToolbox
0x000000001b600000 	/System/Library/Frameworks/AudioUnit.framework/Versions/A/AudioUnit
0x000000001b600000 	/System/Library/PrivateFrameworks/DataDetectorsCore.framework/Versions/A/DataDetectorsCore
0x000000001b600000 	/System/Library/PrivateFrameworks/DesktopServicesPriv.framework/Versions/A/DesktopServicesPriv
0x000000001b600000 	/System/Library/Frameworks/Carbon.framework/Versions/A/Frameworks/HIToolbox.framework/Versions/A/HIToolbox
0x000000001b600000 	/usr/lib/libicucore.A.dylib
0x000000001b600000 	/System/Library/Frameworks/QuartzCore.framework/Versions/A/QuartzCore
0x000000001b600000 	/System/Library/Frameworks/Carbon.framework/Versions/A/Frameworks/SpeechRecognition.framework/Versions/A/SpeechRecognition
0x000000001b600000 	/usr/lib/libauto.dylib
0x000000001b600000 	/usr/lib/libxml2.2.dylib
0x000000001b600000 	/System/Library/PrivateFrameworks/CoreUI.framework/Versions/A/CoreUI
0x000000001b600000 	/System/Library/Frameworks/CoreAudio.framework/Versions/A/CoreAudio
0x000000001b600000 	/System/Library/Frameworks/DiskArbitration.framework/Versions/A/DiskArbitration
0x000000001b600000 	/usr/lib/liblangid.dylib
0x000000001b600000 	/System/Library/PrivateFrameworks/MultitouchSupport.framework/Versions/A/MultitouchSupport
0x000000001b600000 	/System/Library/Frameworks/IOKit.framework/Versions/A/IOKit
0x000000001b600000 	/usr/lib/libDiagnosticMessagesClient.dylib
0x000000001b600000 	/System/Library/Frameworks/CoreServices.framework/Versions/A/CoreServices
0x000000001b600000 	/System/Library/PrivateFrameworks/PerformanceAnalysis.framework/Versions/A/PerformanceAnalysis
0x000000001b600000 	/System/Library/PrivateFrameworks/GenerationalStorage.framework/Versions/A/GenerationalStorage
0x000000001b600000 	/System/Library/Frameworks/OpenGL.framework/Versions/A/OpenGL
0x000000001b600000 	/System/Library/Frameworks/CoreImage.framework/Versions/A/CoreImage
0x000000001b600000 	/System/Library/Frameworks/CoreText.framework/Versions/A/CoreText
0x000000001b600000 	/System/Library/Frameworks/ImageIO.framework/Versions/A/ImageIO
0x000000001b600000 	/System/Library/PrivateFrameworks/Backup.framework/Versions/A/Backup
0x000000001b600000 	/usr/lib/libarchive.2.dylib
0x000000001b600000 	/System/Library/Frameworks/CFNetwork.framework/Versions/A/CFNetwork
0x000000001b600000 	/System/Library/Frameworks/SystemConfiguration.framework/Versions/A/SystemConfiguration
0x000000001b600000 	/usr/lib/libCRFSuite.dylib
0x000000001b600000 	/usr/lib/libc++.1.dylib
0x000000001b600000 	/usr/lib/libc++abi.dylib
0x000000001b600000 	/usr/lib/system/libcache.dylib
0x000000001b600000 	/usr/lib/system/libcommonCrypto.dylib
0x000000001b600000 	/usr/lib/system/libcompiler_rt.dylib
0x000000001b600000 	/usr/lib/system/libcopyfile.dylib
0x000000001b600000 	/usr/lib/system/libcorecrypto.dylib
0x000000001b600000 	/usr/lib/system/libdispatch.dylib
0x000000001b600000 	/usr/lib/system/libdyld.dylib
0x000000001b600000 	/usr/lib/system/libkeymgr.dylib
0x000000001b600000 	/usr/lib/system/liblaunch.dylib
0x000000001b600000 	/usr/lib/system/libmacho.dylib
0x000000001b600000 	/usr/lib/system/libquarantine.dylib
0x000000001b600000 	/usr/lib/system/libremovefile.dylib
0x000000001b600000 	/usr/lib/system/libsystem_asl.dylib
0x000000001b600000 	/usr/lib/system/libsystem_blocks.dylib
0x000000001b600000 	/usr/lib/system/libsystem_c.dylib
0x000000001b600000 	/usr/lib/system/libsystem_configuration.dylib
0x000000001b600000 	/usr/lib/system/libsystem_coreservices.dylib
0x000000001b600000 	/usr/lib/system/libsystem_coretls.dylib
0x000000001b600000 	/usr/lib/system/libsystem_dnssd.dylib
0x000000001b600000 	/usr/lib/system/libsystem_info.dylib
0x000000001b600000 	/usr/lib/system/libsystem_kernel.dylib
0x000000001b600000 	/usr/lib/system/libsystem_m.dylib
0x000000001b600000 	/usr/lib/system/libsystem_malloc.dylib
0x000000001b600000 	/usr/lib/system/libsystem_network.dylib
0x000000001b600000 	/usr/lib/system/libsystem_networkextension.dylib
0x000000001b600000 	/usr/lib/system/libsystem_notify.dylib
0x000000001b600000 	/usr/lib/system/libsystem_platform.dylib
0x000000001b600000 	/usr/lib/system/libsystem_pthread.dylib
0x000000001b600000 	/usr/lib/system/libsystem_sandbox.dylib
0x000000001b600000 	/usr/lib/system/libsystem_secinit.dylib
0x000000001b600000 	/usr/lib/system/libsystem_symptoms.dylib
0x000000001b600000 	/usr/lib/system/libsystem_trace.dylib
0x000000001b600000 	/usr/lib/system/libunwind.dylib
0x000000001b600000 	/usr/lib/system/libxpc.dylib
0x000000001b600000 	/usr/lib/libbsm.0.dylib
0x000000001b600000 	/usr/lib/system/libkxld.dylib
0x000000001b600000 	/usr/lib/libcoretls.dylib
0x000000001b600000 	/usr/lib/libcoretls_cfhelpers.dylib
0x000000001b600000 	/usr/lib/libOpenScriptingUtil.dylib
0x000000001b600000 	/usr/lib/libpam.2.dylib
0x000000001b600000 	/usr/lib/libsqlite3.dylib
0x000000001b600000 	/usr/lib/libxar.1.dylib
0x000000001b600000 	/usr/lib/libbz2.1.0.dylib
0x000000001b600000 	/usr/lib/liblzma.5.dylib
0x000000001b600000 	/usr/lib/libnetwork.dylib
0x000000001b600000 	/usr/lib/libpcap.A.dylib
0x000000001b600000 	/System/Library/Frameworks/CoreServices.framework/Versions/A/Frameworks/FSEvents.framework/Versions/A/FSEvents
0x000000001b600000 	/System/Library/Frameworks/CoreServices.framework/Versions/A/Frameworks/CarbonCore.framework/Versions/A/CarbonCore
0x000000001b600000 	/System/Library/Frameworks/CoreServices.framework/Versions/A/Frameworks/Metadata.framework/Versions/A/Metadata
0x000000001b600000 	/System/Library/Frameworks/CoreServices.framework/Versions/A/Frameworks/OSServices.framework/Versions/A/OSServices
0x000000001b600000 	/System/Library/Frameworks/CoreServices.framework/Versions/A/Frameworks/SearchKit.framework/Versions/A/SearchKit
0x000000001b600000 	/System/Library/Frameworks/CoreServices.framework/Versions/A/Frameworks/AE.framework/Versions/A/AE
0x000000001b600000 	/System/Library/Frameworks/CoreServices.framework/Versions/A/Frameworks/LaunchServices.framework/Versions/A/LaunchServices
0x000000001b600000 	/System/Library/Frameworks/CoreServices.framework/Versions/A/Frameworks/DictionaryServices.framework/Versions/A/DictionaryServices
0x000000001b600000 	/System/Library/Frameworks/CoreServices.framework/Versions/A/Frameworks/SharedFileList.framework/Versions/A/SharedFileList
0x000000001b600000 	/System/Library/Frameworks/NetFS.framework/Versions/A/NetFS
0x000000001b600000 	/System/Library/PrivateFrameworks/NetAuth.framework/Versions/A/NetAuth
0x000000001b600000 	/System/Library/PrivateFrameworks/login.framework/Versions/A/Frameworks/loginsupport.framework/Versions/A/loginsupport
0x000000001b600000 	/System/Library/PrivateFrameworks/TCC.framework/Versions/A/TCC
0x000000001b600000 	/usr/lib/libmecabra.dylib
0x000000001b600000 	/System/Library/Frameworks/ApplicationServices.framework/Versions/A/Frameworks/ATS.framework/Versions/A/ATS
0x000000001b600000 	/System/Library/Frameworks/ApplicationServices.framework/Versions/A/Frameworks/ColorSync.framework/Versions/A/ColorSync
0x000000001b600000 	/System/Library/Frameworks/ApplicationServices.framework/Versions/A/Frameworks/HIServices.framework/Versions/A/HIServices
0x000000001b600000 	/System/Library/Frameworks/ApplicationServices.framework/Versions/A/Frameworks/LangAnalysis.framework/Versions/A/LangAnalysis
0x000000001b600000 	/System/Library/Frameworks/ApplicationServices.framework/Versions/A/Frameworks/PrintCore.framework/Versions/A/PrintCore
0x000000001b600000 	/System/Library/Frameworks/ApplicationServices.framework/Versions/A/Frameworks/QD.framework/Versions/A/QD
0x000000001b600000 	/System/Library/Frameworks/ApplicationServices.framework/Versions/A/Frameworks/SpeechSynthesis.framework/Versions/A/SpeechSynthesis
0x000000001b600000 	/System/Library/Frameworks/Accelerate.framework/Versions/A/Frameworks/vImage.framework/Versions/A/vImage
0x000000001b600000 	/System/Library/Frameworks/Accelerate.framework/Versions/A/Frameworks/vecLib.framework/Versions/A/vecLib
0x000000001b600000 	/System/Library/Frameworks/Accelerate.framework/Versions/A/Frameworks/vecLib.framework/Versions/A/libvDSP.dylib
0x000000001b600000 	/System/Library/Frameworks/Accelerate.framework/Versions/A/Frameworks/vecLib.framework/Versions/A/libBNNS.dylib
0x000000001b600000 	/System/Library/Frameworks/Accelerate.framework/Versions/A/Frameworks/vecLib.framework/Versions/A/libQuadrature.dylib
0x000000001b600000 	/System/Library/Frameworks/Accelerate.framework/Versions/A/Frameworks/vecLib.framework/Versions/A/libvMisc.dylib
0x000000001b600000 	/System/Library/Frameworks/Accelerate.framework/Versions/A/Frameworks/vecLib.framework/Versions/A/libLAPACK.dylib
0x000000001b600000 	/System/Library/Frameworks/Accelerate.framework/Versions/A/Frameworks/vecLib.framework/Versions/A/libBLAS.dylib
0x000000001b600000 	/System/Library/Frameworks/Accelerate.framework/Versions/A/Frameworks/vecLib.framework/Versions/A/libLinearAlgebra.dylib
0x000000001b600000 	/System/Library/Frameworks/Accelerate.framework/Versions/A/Frameworks/vecLib.framework/Versions/A/libSparseBLAS.dylib
0x000000001b600000 	/System/Library/Frameworks/ApplicationServices.framework/Versions/A/Frameworks/ATS.framework/Versions/A/Resources/libFontParser.dylib
0x000000001b600000 	/System/Library/Frameworks/ApplicationServices.framework/Versions/A/Frameworks/ATS.framework/Versions/A/Resources/libFontRegistry.dylib
0x000000001b600000 	/System/Library/Frameworks/ImageIO.framework/Versions/A/Resources/libJPEG.dylib
0x000000001b600000 	/System/Library/Frameworks/ImageIO.framework/Versions/A/Resources/libTIFF.dylib
0x000000001b600000 	/System/Library/Frameworks/ImageIO.framework/Versions/A/Resources/libPng.dylib
0x000000001b600000 	/System/Library/Frameworks/ImageIO.framework/Versions/A/Resources/libGIF.dylib
0x000000001b600000 	/System/Library/Frameworks/ImageIO.framework/Versions/A/Resources/libJP2.dylib
0x000000001b600000 	/System/Library/Frameworks/ImageIO.framework/Versions/A/Resources/libRadiance.dylib
0x000000001b600000 	/usr/lib/libcompression.dylib
0x000000001b600000 	/System/Library/PrivateFrameworks/AppleJPEG.framework/Versions/A/AppleJPEG
0x000000001b600000 	/usr/lib/libcups.2.dylib
0x000000001b600000 	/System/Library/Frameworks/Kerberos.framework/Versions/A/Kerberos
0x000000001b600000 	/System/Library/Frameworks/GSS.framework/Versions/A/GSS
0x000000001b600000 	/usr/lib/libresolv.9.dylib
0x000000001b600000 	/usr/lib/libiconv.2.dylib
0x000000001b600000 	/System/Library/PrivateFrameworks/Heimdal.framework/Versions/A/Heimdal
0x000000001b600000 	/usr/lib/libheimdal-asn1.dylib
0x000000001b600000 	/System/Library/Frameworks/OpenDirectory.framework/Versions/A/OpenDirectory
0x000000001b600000 	/System/Library/PrivateFrameworks/CommonAuth.framework/Versions/A/CommonAuth
0x000000001b600000 	/System/Library/Frameworks/OpenDirectory.framework/Versions/A/Frameworks/CFOpenDirectory.framework/Versions/A/CFOpenDirectory
0x000000001b600000 	/System/Library/Frameworks/SecurityFoundation.framework/Versions/A/SecurityFoundation
0x000000001b600000 	/System/Library/PrivateFrameworks/LanguageModeling.framework/Versions/A/LanguageModeling
0x000000001b600000 	/usr/lib/libmarisa.dylib
0x000000001b600000 	/usr/lib/libChineseTokenizer.dylib
0x000000001b600000 	/usr/lib/libcmph.dylib
0x000000001b600000 	/System/Library/PrivateFrameworks/CoreEmoji.framework/Versions/A/CoreEmoji
0x000000001b600000 	/System/Library/Frameworks/ServiceManagement.framework/Versions/A/ServiceManagement
0x000000001b600000 	/usr/lib/libxslt.1.dylib
0x000000001b600000 	/System/Library/Frameworks/Carbon.framework/Versions/A/Frameworks/Ink.framework/Versions/A/Ink
0x000000001b600000 	/System/Library/PrivateFrameworks/TextureIO.framework/Versions/A/TextureIO
0x000000001b600000 	/System/Library/Frameworks/Metal.framework/Versions/A/Metal
0x000000001b600000 	/usr/lib/libate.dylib
0x000000001b600000 	/System/Library/PrivateFrameworks/GPUCompiler.framework/libmetal_timestamp.dylib
0x000000001b600000 	/System/Library/Frameworks/OpenGL.framework/Versions/A/Libraries/libCoreFSCache.dylib
0x000000001b600000 	/System/Library/PrivateFrameworks/IOAccelerator.framework/Versions/A/IOAccelerator
0x000000001b600000 	/System/Library/Frameworks/CoreVideo.framework/Versions/A/CoreVideo
0x000000001b600000 	/usr/lib/libFosl_dynamic.dylib
0x000000001b600000 	/System/Library/PrivateFrameworks/MetalPerformanceShaders.framework/Versions/A/MetalPerformanceShaders
0x000000001b600000 	/System/Library/PrivateFrameworks/FaceCore.framework/Versions/A/FaceCore
0x000000001b600000 	/System/Library/Frameworks/OpenCL.framework/Versions/A/OpenCL
0x000000001b600000 	/System/Library/Frameworks/OpenGL.framework/Versions/A/Libraries/libGLU.dylib
0x000000001b600000 	/System/Library/Frameworks/OpenGL.framework/Versions/A/Libraries/libGFXShared.dylib
0x000000001b600000 	/System/Library/Frameworks/OpenGL.framework/Versions/A/Libraries/libGL.dylib
0x000000001b600000 	/System/Library/Frameworks/OpenGL.framework/Versions/A/Libraries/libGLImage.dylib
0x000000001b600000 	/System/Library/Frameworks/OpenGL.framework/Versions/A/Libraries/libCVMSPluginSupport.dylib
0x000000001b600000 	/System/Library/Frameworks/OpenGL.framework/Versions/A/Libraries/libCoreVMClient.dylib
0x000000001b600000 	/System/Library/PrivateFrameworks/CrashReporterSupport.framework/Versions/A/CrashReporterSupport
0x000000001b600000 	/System/Library/PrivateFrameworks/Sharing.framework/Versions/A/Sharing
0x000000001b600000 	/System/Library/PrivateFrameworks/IconServices.framework/Versions/A/IconServices
0x000000001b600000 	/System/Library/PrivateFrameworks/ProtocolBuffer.framework/Versions/A/ProtocolBuffer
0x000000001b600000 	/System/Library/PrivateFrameworks/Apple80211.framework/Versions/A/Apple80211
0x000000001b600000 	/System/Library/Frameworks/CoreWLAN.framework/Versions/A/CoreWLAN
0x000000001b600000 	/System/Library/PrivateFrameworks/CoreUtils.framework/Versions/A/CoreUtils
0x000000001b600000 	/System/Library/Frameworks/IOBluetooth.framework/Versions/A/IOBluetooth
0x000000001b600000 	/System/Library/PrivateFrameworks/CoreWiFi.framework/Versions/A/CoreWiFi
0x000000001b600000 	/System/Library/Frameworks/CoreBluetooth.framework/Versions/A/CoreBluetooth
0x000000001b600000 	/System/Library/Frameworks/CoreDisplay.framework/Versions/A/CoreDisplay
0x000000001b600000 	/System/Library/PrivateFrameworks/IOPresentment.framework/Versions/A/IOPresentment
0x000000001b600000 	/System/Library/PrivateFrameworks/DSExternalDisplay.framework/Versions/A/DSExternalDisplay
0x000000001b600000 	/System/Library/PrivateFrameworks/DebugSymbols.framework/Versions/A/DebugSymbols
0x000000001b600000 	/System/Library/PrivateFrameworks/CoreSymbolication.framework/Versions/A/CoreSymbolication
0x000000001b600000 	/System/Library/PrivateFrameworks/Symbolication.framework/Versions/A/Symbolication
0x000000001b600000 	/System/Library/PrivateFrameworks/AppleFSCompression.framework/Versions/A/AppleFSCompression
0x000000001b600000 	/System/Library/PrivateFrameworks/SpeechRecognitionCore.framework/Versions/A/SpeechRecognitionCore
0x000000001b600000 	/System/Library/PrivateFrameworks/ChunkingLibrary.framework/Versions/A/ChunkingLibrary
0x000000010f000000 	/Library/Java/JavaVirtualMachines/jdk1.8.0_141.jdk/Contents/Home/jre/lib/server/libjvm.dylib
0x000000001b600000 	/usr/lib/libstdc++.6.dylib
0x000000010dfe7000 	/Library/Java/JavaVirtualMachines/jdk1.8.0_141.jdk/Contents/Home/jre/lib/libverify.dylib
0x000000010ffa7000 	/Library/Java/JavaVirtualMachines/jdk1.8.0_141.jdk/Contents/Home/jre/lib/libjava.dylib
0x000000010ffdc000 	/Library/Java/JavaVirtualMachines/jdk1.8.0_141.jdk/Contents/Home/jre/lib/libzip.dylib
0x000000012b134000 	/System/Library/Frameworks/JavaVM.framework/Frameworks/JavaRuntimeSupport.framework/JavaRuntimeSupport
0x000000012b14e000 	/System/Library/Frameworks/JavaVM.framework/Versions/A/Frameworks/JavaNativeFoundation.framework/Versions/A/JavaNativeFoundation
0x0000000119e3c000 	/System/Library/Frameworks/JavaVM.framework/Versions/A/JavaVM
0x000000001b600000 	/System/Library/Frameworks/Carbon.framework/Versions/A/Carbon
0x000000012b163000 	/System/Library/PrivateFrameworks/JavaLaunching.framework/Versions/A/JavaLaunching
0x000000001b600000 	/System/Library/Frameworks/Carbon.framework/Versions/A/Frameworks/CommonPanels.framework/Versions/A/CommonPanels
0x000000001b600000 	/System/Library/Frameworks/Carbon.framework/Versions/A/Frameworks/Help.framework/Versions/A/Help
0x000000001b600000 	/System/Library/Frameworks/Carbon.framework/Versions/A/Frameworks/ImageCapture.framework/Versions/A/ImageCapture
0x000000001b600000 	/System/Library/Frameworks/Carbon.framework/Versions/A/Frameworks/OpenScripting.framework/Versions/A/OpenScripting
0x000000001b600000 	/System/Library/Frameworks/Carbon.framework/Versions/A/Frameworks/Print.framework/Versions/A/Print
0x000000001b600000 	/System/Library/Frameworks/Carbon.framework/Versions/A/Frameworks/SecurityHI.framework/Versions/A/SecurityHI
0x000000012caac000 	/Library/Java/JavaVirtualMachines/jdk1.8.0_141.jdk/Contents/Home/jre/lib/libawt.dylib
0x000000012cb54000 	/Library/Java/JavaVirtualMachines/jdk1.8.0_141.jdk/Contents/Home/jre/lib/./libmlib_image.dylib
0x000000012cc20000 	/Library/Java/JavaVirtualMachines/jdk1.8.0_141.jdk/Contents/Home/jre/lib/libawt_lwawt.dylib
0x000000012ccd7000 	/Library/Java/JavaVirtualMachines/jdk1.8.0_141.jdk/Contents/Home/jre/lib/./libosxapp.dylib
0x000000001b600000 	/System/Library/Frameworks/ExceptionHandling.framework/Versions/A/ExceptionHandling
0x000000001b600000 	/System/Library/PrivateFrameworks/CoreServicesInternal.framework/Versions/A/CoreServicesInternal
0x000000001b600000 	/System/Library/CoreServices/RawCamera.bundle/Contents/MacOS/RawCamera
0x000000001b600000 	/System/Library/Frameworks/Accelerate.framework/Versions/A/Frameworks/vImage.framework/Versions/A/Libraries/libCGInterfaces.dylib
0x000000001b600000 	/System/Library/Frameworks/ApplicationServices.framework/Versions/A/Frameworks/ATS.framework/Versions/A/Resources/libTrueTypeScaler.dylib
0x000000012e9a2000 	/System/Library/Frameworks/OpenGL.framework/Resources/GLEngine.bundle/GLEngine
0x000000001b600000 	/System/Library/Frameworks/OpenGL.framework/Versions/A/Libraries/libGLProgrammability.dylib
0x000000012eb87000 	/System/Library/Extensions/AppleIntelHD5000GraphicsGLDriver.bundle/Contents/MacOS/AppleIntelHD5000GraphicsGLDriver
0x000000001b600000 	/System/Library/PrivateFrameworks/GPUSupport.framework/Versions/A/Libraries/libGPUSupportMercury.dylib
0x000000012d4ef000 	/System/Library/Frameworks/OpenGL.framework/Resources//GLRendererFloat.bundle/GLRendererFloat
0x000000001b600000 	/System/Library/Frameworks/OpenCL.framework/Versions/A/Libraries/libcldcpuengine.dylib
0x000000001b600000 	/usr/lib/libcrypto.0.9.8.dylib
0x000000001b600000 	/System/Library/PrivateFrameworks/TrustEvaluationAgent.framework/Versions/A/TrustEvaluationAgent
0x000000012f2f5000 	/System/Library/Extensions/AppleIntelHD5000GraphicsMTLDriver.bundle/Contents/MacOS/AppleIntelHD5000GraphicsMTLDriver
0x000000001b600000 	/System/Library/PrivateFrameworks/FamilyControls.framework/Versions/A/FamilyControls
0x000000001b600000 	/System/Library/PrivateFrameworks/CommerceKit.framework/Versions/A/Frameworks/CommerceCore.framework/Versions/A/CommerceCore
0x000000001b600000 	/System/Library/PrivateFrameworks/SystemAdministration.framework/Versions/A/SystemAdministration
0x000000001b600000 	/System/Library/PrivateFrameworks/AppContainer.framework/Versions/A/AppContainer
0x000000001b600000 	/System/Library/PrivateFrameworks/SecCodeWrapper.framework/Versions/A/SecCodeWrapper
0x000000001b600000 	/System/Library/Frameworks/DirectoryService.framework/Versions/A/DirectoryService
0x000000001b600000 	/System/Library/PrivateFrameworks/DiskImages.framework/Versions/A/DiskImages
0x000000001b600000 	/System/Library/PrivateFrameworks/LoginUIKit.framework/Versions/A/Frameworks/LoginUICore.framework/Versions/A/LoginUICore
0x000000001b600000 	/usr/lib/libCoreStorage.dylib
0x000000001b600000 	/usr/lib/libcsfde.dylib
0x000000001b600000 	/usr/lib/libodfde.dylib
0x000000001b600000 	/System/Library/Frameworks/DiscRecording.framework/Versions/A/DiscRecording
0x000000001b600000 	/usr/lib/libcurl.4.dylib
0x000000001b600000 	/System/Library/PrivateFrameworks/MediaKit.framework/Versions/A/MediaKit
0x000000001b600000 	/System/Library/PrivateFrameworks/ProtectedCloudStorage.framework/Versions/A/ProtectedCloudStorage
0x000000001b600000 	/System/Library/PrivateFrameworks/EFILogin.framework/Versions/A/EFILogin
0x000000001b600000 	/usr/lib/libutil.dylib
0x000000001b600000 	/System/Library/Frameworks/LDAP.framework/Versions/A/LDAP
0x000000001b600000 	/usr/lib/libsasl2.2.dylib
0x000000001b600000 	/System/Library/PrivateFrameworks/CoreDaemon.framework/Versions/B/CoreDaemon
0x000000001b600000 	/System/Library/PrivateFrameworks/AppleSRP.framework/Versions/A/AppleSRP
0x000000001b600000 	/System/Library/PrivateFrameworks/APFS.framework/Versions/A/APFS
0x0000000131462000 	/Library/Java/JavaVirtualMachines/jdk1.8.0_141.jdk/Contents/Home/jre/lib/libfontmanager.dylib
0x00000001314c9000 	/Library/Java/JavaVirtualMachines/jdk1.8.0_141.jdk/Contents/Home/jre/lib/libosxui.dylib
0x0000000131fc9000 	/Library/Java/JavaVirtualMachines/jdk1.8.0_141.jdk/Contents/Home/jre/lib/libnet.dylib
0x0000000131fe0000 	/Library/Java/JavaVirtualMachines/jdk1.8.0_141.jdk/Contents/Home/jre/lib/libnio.dylib
0x000000001b600000 	/System/Library/PrivateFrameworks/ViewBridge.framework/Versions/A/ViewBridge
0x000000001b600000 	/System/Library/PrivateFrameworks/XPCService.framework/Versions/A/XPCService
0x000000001b600000 	/System/Library/PrivateFrameworks/AppSandbox.framework/Versions/A/AppSandbox
0x000000001b600000 	/usr/lib/libsandbox.1.dylib
0x000000001b600000 	/usr/lib/libMatch.1.dylib
0x0000000134e33000 	/Library/Java/JavaVirtualMachines/jdk1.8.0_141.jdk/Contents/Home/jre/lib/libdcpr.dylib

VM Arguments:
jvm_args: -Dfile.encoding=UTF-8 
java_command: ElementDiagramDemo
java_class_path (initial): /Users/Nicck/Desktop/Projects/ElementDiagramDemo/bin
Launcher Type: SUN_STANDARD

Environment Variables:
PATH=/usr/bin:/bin:/usr/sbin:/sbin
SHELL=/bin/bash

Signal Handlers:
SIGSEGV: [libjvm.dylib+0x5b26e5], sa_mask[0]=11111111011111110111111111111111, sa_flags=SA_ONSTACK|SA_RESTART|SA_SIGINFO
SIGBUS: [libjvm.dylib+0x5b26e5], sa_mask[0]=11111111011111110111111111111111, sa_flags=SA_RESTART|SA_SIGINFO
SIGFPE: [libjvm.dylib+0x489100], sa_mask[0]=11111111011111110111111111111111, sa_flags=SA_RESTART|SA_SIGINFO
SIGPIPE: [libjvm.dylib+0x489100], sa_mask[0]=11111111011111110111111111111111, sa_flags=SA_RESTART|SA_SIGINFO
SIGXFSZ: [libjvm.dylib+0x489100], sa_mask[0]=11111111011111110111111111111111, sa_flags=SA_RESTART|SA_SIGINFO
SIGILL: [libjvm.dylib+0x489100], sa_mask[0]=11111111011111110111111111111111, sa_flags=SA_RESTART|SA_SIGINFO
SIGUSR1: SIG_DFL, sa_mask[0]=00000000000000000000000000000000, sa_flags=none
SIGUSR2: [libjvm.dylib+0x488c1e], sa_mask[0]=00100000000000000000000000000000, sa_flags=SA_RESTART|SA_SIGINFO
SIGHUP: [libjvm.dylib+0x4871f5], sa_mask[0]=11111111011111110111111111111111, sa_flags=SA_RESTART|SA_SIGINFO
SIGINT: [libjvm.dylib+0x4871f5], sa_mask[0]=11111111011111110111111111111111, sa_flags=SA_RESTART|SA_SIGINFO
SIGTERM: [libjvm.dylib+0x4871f5], sa_mask[0]=11111111011111110111111111111111, sa_flags=SA_RESTART|SA_SIGINFO
SIGQUIT: [libjvm.dylib+0x4871f5], sa_mask[0]=11111111011111110111111111111111, sa_flags=SA_RESTART|SA_SIGINFO


---------------  S Y S T E M  ---------------

OS:Bsduname:Darwin 16.7.0 Darwin Kernel Version 16.7.0: Thu Jun 15 17:36:27 PDT 2017; root:xnu-3789.70.16~2/RELEASE_X86_64 x86_64
rlimit: STACK 8192k, CORE 0k, NPROC 709, NOFILE 10240, AS infinity
load average:2.46 2.54 2.53

CPU:total 8 (initial active 8) (4 cores per cpu, 2 threads per core) family 6 model 70 stepping 1, cmov, cx8, fxsr, mmx, sse, sse2, sse3, ssse3, sse4.1, sse4.2, popcnt, avx, avx2, aes, clmul, erms, lzcnt, ht, tsc, tscinvbit, bmi1, bmi2

Memory: 4k page, physical 16777216k(315376k free)

/proc/meminfo:


vm_info: Java HotSpot(TM) 64-Bit Server VM (25.141-b15) for bsd-amd64 JRE (1.8.0_141-b15), built on Jul 12 2017 04:35:23 by "java_re" with gcc 4.2.1 (Based on Apple Inc. build 5658) (LLVM build 2336.11.00)

time: Mon Oct 23 17:24:20 2017
elapsed time: 10123 seconds (0d 2h 48m 43s)

